#
# There is insufficient memory for the Java Runtime Environment to continue.
# Cannot create GC thread. Out of system resources.
# Possible reasons:
#   The system is out of physical RAM or swap space
#   In 32 bit mode, the process size limit was hit
# Possible solutions:
#   Reduce memory load on the system
#   Increase physical memory or swap space
#   Check if swap backing store is full
#   Use 64 bit Java on a 64 bit OS
#   Decrease Java heap size (-Xmx/-Xms)
#   Decrease number of Java threads
#   Decrease Java thread stack sizes (-Xss)
#   Set larger code cache with -XX:ReservedCodeCacheSize=
# This output file may be truncated or incomplete.
#
#  Out of Memory Error (gcTaskThread.cpp:46), pid=13033, tid=140521207940928
#
# JRE version:  (7.0_40-b43) (build )
# Java VM: Java HotSpot(TM) 64-Bit Server VM (24.0-b56 mixed mode linux-amd64 compressed oops)
# Failed to write core dump. Core dumps have been disabled. To enable core dumping, try "ulimit -c unlimited" before starting Java again
#

---------------  T H R E A D  ---------------

Current thread (0x0000000000bc0000):  JavaThread "Unknown thread" [_thread_in_vm, id=13033, stack(0x00007fff9b42e000,0x00007fff9b52e000)]

Stack: [0x00007fff9b42e000,0x00007fff9b52e000],  sp=0x00007fff9b51e320,  free space=960k
Native frames: (J=compiled Java code, j=interpreted, Vv=VM code, C=native code)
V  [libjvm.so+0x99242a]  VMError::report_and_die()+0x2ea
V  [libjvm.so+0x49316b]  report_vm_out_of_memory(char const*, int, unsigned long, char const*)+0x9b
V  [libjvm.so+0x55128a]  GCTaskThread::GCTaskThread(GCTaskManager*, unsigned int, unsigned int)+0x11a
V  [libjvm.so+0x550808]  GCTaskManager::initialize()+0x2b8
V  [libjvm.so+0x83392c]  ParallelScavengeHeap::initialize()+0x76c
V  [libjvm.so+0x9659fa]  Universe::initialize_heap()+0xca
V  [libjvm.so+0x966bc9]  universe_init()+0x79
V  [libjvm.so+0x5a95c5]  init_globals()+0x65
V  [libjvm.so+0x94e4bd]  Threads::create_vm(JavaVMInitArgs*, bool*)+0x1ed
V  [libjvm.so+0x630004]  JNI_CreateJavaVM+0x74
C  [libjli.so+0x2f8e]  JavaMain+0x9e
C  [libjli.so+0xd4d3]  ContinueInNewThread0+0x63
C  [libjli.so+0x258a]  ContinueInNewThread+0x7a
C  [libjli.so+0x50e0]  JLI_Launch+0x480
C  [java+0x6a6]  __libc_start_main@@GLIBC_2.2.5+0x6a6


---------------  P R O C E S S  ---------------

Java Threads: ( => current thread )

Other Threads:

=>0x0000000000bc0000 (exited) JavaThread "Unknown thread" [_thread_in_vm, id=13033, stack(0x00007fff9b42e000,0x00007fff9b52e000)]

VM state:not at safepoint (not fully initialized)

VM Mutex/Monitor currently owned by a thread: None

GC Heap History (0 events):
No events

Deoptimization events (0 events):
No events

Internal exceptions (0 events):
No events

Events (0 events):
No events


Dynamic libraries:
00400000-00401000 r-xp 00000000 fd:01 419321                             /usr/java/jdk1.7.0_40/jre/bin/java
00600000-00601000 rw-p 00000000 fd:01 419321                             /usr/java/jdk1.7.0_40/jre/bin/java
00b9e000-00c01000 rw-p 00000000 00:00 0                                  [heap]
b0000000-b1500000 rw-p 00000000 00:00 0 
b1500000-c0000000 rw-p 00000000 00:00 0 
c0000000-ca400000 rw-p 00000000 00:00 0 
ca400000-eaa80000 rw-p 00000000 00:00 0 
eaa80000-efd00000 rw-p 00000000 00:00 0 
efd00000-100000000 rw-p 00000000 00:00 0 
30c4e00000-30c4e20000 r-xp 00000000 fd:01 1439007                        /usr/lib64/ld-2.18.so
30c501f000-30c5020000 r--p 0001f000 fd:01 1439007                        /usr/lib64/ld-2.18.so
30c5020000-30c5021000 rw-p 00020000 fd:01 1439007                        /usr/lib64/ld-2.18.so
30c5021000-30c5022000 rw-p 00000000 00:00 0 
30c5200000-30c53b4000 r-xp 00000000 fd:01 1439605                        /usr/lib64/libc-2.18.so
30c53b4000-30c55b4000 ---p 001b4000 fd:01 1439605                        /usr/lib64/libc-2.18.so
30c55b4000-30c55b8000 r--p 001b4000 fd:01 1439605                        /usr/lib64/libc-2.18.so
30c55b8000-30c55ba000 rw-p 001b8000 fd:01 1439605                        /usr/lib64/libc-2.18.so
30c55ba000-30c55bf000 rw-p 00000000 00:00 0 
30c5600000-30c5603000 r-xp 00000000 fd:01 1439897                        /usr/lib64/libdl-2.18.so
30c5603000-30c5802000 ---p 00003000 fd:01 1439897                        /usr/lib64/libdl-2.18.so
30c5802000-30c5803000 r--p 00002000 fd:01 1439897                        /usr/lib64/libdl-2.18.so
30c5803000-30c5804000 rw-p 00003000 fd:01 1439897                        /usr/lib64/libdl-2.18.so
30c5a00000-30c5a18000 r-xp 00000000 fd:01 1439872                        /usr/lib64/libpthread-2.18.so
30c5a18000-30c5c17000 ---p 00018000 fd:01 1439872                        /usr/lib64/libpthread-2.18.so
30c5c17000-30c5c18000 r--p 00017000 fd:01 1439872                        /usr/lib64/libpthread-2.18.so
30c5c18000-30c5c19000 rw-p 00018000 fd:01 1439872                        /usr/lib64/libpthread-2.18.so
30c5c19000-30c5c1d000 rw-p 00000000 00:00 0 
30c5e00000-30c5f05000 r-xp 00000000 fd:01 1440016                        /usr/lib64/libm-2.18.so
30c5f05000-30c6105000 ---p 00105000 fd:01 1440016                        /usr/lib64/libm-2.18.so
30c6105000-30c6106000 r--p 00105000 fd:01 1440016                        /usr/lib64/libm-2.18.so
30c6106000-30c6107000 rw-p 00106000 fd:01 1440016                        /usr/lib64/libm-2.18.so
30c7200000-30c7207000 r-xp 00000000 fd:01 1439876                        /usr/lib64/librt-2.18.so
30c7207000-30c7406000 ---p 00007000 fd:01 1439876                        /usr/lib64/librt-2.18.so
30c7406000-30c7407000 r--p 00006000 fd:01 1439876                        /usr/lib64/librt-2.18.so
30c7407000-30c7408000 rw-p 00007000 fd:01 1439876                        /usr/lib64/librt-2.18.so
7fcd9fb9b000-7fcd9fdeb000 rw-p 00000000 00:00 0 
7fcd9fdeb000-7fcd9fe60000 rw-p 00000000 00:00 0 
7fcd9fe60000-7fcd9feb2000 rw-p 00000000 00:00 0 
7fcd9feb2000-7fcd9ffb6000 rw-p 00000000 00:00 0 
7fcd9ffb6000-7fcd9ffc1000 rw-p 00000000 00:00 0 
7fcd9ffc1000-7fcda0036000 rw-p 00000000 00:00 0 
7fcda0036000-7fcda0088000 rw-p 00000000 00:00 0 
7fcda0088000-7fcda018b000 rw-p 00000000 00:00 0 
7fcda018b000-7fcda01b5000 rw-p 00000000 00:00 0 
7fcda01b5000-7fcda0236000 rw-p 00000000 00:00 0 
7fcda0236000-7fcda0241000 rw-p 00000000 00:00 0 
7fcda0241000-7fcda02f7000 rw-p 00000000 00:00 0 
7fcda02f7000-7fcda0567000 rwxp 00000000 00:00 0 
7fcda0567000-7fcda32f7000 rw-p 00000000 00:00 0 
7fcda32f7000-7fcda3311000 r-xp 00000000 fd:01 419391                     /usr/java/jdk1.7.0_40/jre/lib/amd64/libzip.so
7fcda3311000-7fcda3511000 ---p 0001a000 fd:01 419391                     /usr/java/jdk1.7.0_40/jre/lib/amd64/libzip.so
7fcda3511000-7fcda3512000 rw-p 0001a000 fd:01 419391                     /usr/java/jdk1.7.0_40/jre/lib/amd64/libzip.so
7fcda3512000-7fcda351d000 r-xp 00000000 fd:01 1464559                    /usr/lib64/libnss_files-2.18.so
7fcda351d000-7fcda371c000 ---p 0000b000 fd:01 1464559                    /usr/lib64/libnss_files-2.18.so
7fcda371c000-7fcda371d000 r--p 0000a000 fd:01 1464559                    /usr/lib64/libnss_files-2.18.so
7fcda371d000-7fcda371e000 rw-p 0000b000 fd:01 1464559                    /usr/lib64/libnss_files-2.18.so
7fcda374c000-7fcda3775000 r-xp 00000000 fd:01 419361                     /usr/java/jdk1.7.0_40/jre/lib/amd64/libjava.so
7fcda3775000-7fcda3975000 ---p 00029000 fd:01 419361                     /usr/java/jdk1.7.0_40/jre/lib/amd64/libjava.so
7fcda3975000-7fcda3977000 rw-p 00029000 fd:01 419361                     /usr/java/jdk1.7.0_40/jre/lib/amd64/libjava.so
7fcda3977000-7fcda3984000 r-xp 00000000 fd:01 419390                     /usr/java/jdk1.7.0_40/jre/lib/amd64/libverify.so
7fcda3984000-7fcda3b83000 ---p 0000d000 fd:01 419390                     /usr/java/jdk1.7.0_40/jre/lib/amd64/libverify.so
7fcda3b83000-7fcda3b85000 rw-p 0000c000 fd:01 419390                     /usr/java/jdk1.7.0_40/jre/lib/amd64/libverify.so
7fcda3b85000-7fcda3b86000 ---p 00000000 00:00 0 
7fcda3b86000-7fcda3c86000 rw-p 00000000 00:00 0 
7fcda3c86000-7fcda47e8000 r-xp 00000000 fd:01 419395                     /usr/java/jdk1.7.0_40/jre/lib/amd64/server/libjvm.so
7fcda47e8000-7fcda49e8000 ---p 00b62000 fd:01 419395                     /usr/java/jdk1.7.0_40/jre/lib/amd64/server/libjvm.so
7fcda49e8000-7fcda4aab000 rw-p 00b62000 fd:01 419395                     /usr/java/jdk1.7.0_40/jre/lib/amd64/server/libjvm.so
7fcda4aab000-7fcda4aef000 rw-p 00000000 00:00 0 
7fcda4aef000-7fcda4b05000 r-xp 00000000 fd:01 419343                     /usr/java/jdk1.7.0_40/jre/lib/amd64/jli/libjli.so
7fcda4b05000-7fcda4d05000 ---p 00016000 fd:01 419343                     /usr/java/jdk1.7.0_40/jre/lib/amd64/jli/libjli.so
7fcda4d05000-7fcda4d06000 rw-p 00016000 fd:01 419343                     /usr/java/jdk1.7.0_40/jre/lib/amd64/jli/libjli.so
7fcda4d06000-7fcda4d07000 rw-p 00000000 00:00 0 
7fcda4d28000-7fcda4d2b000 rw-p 00000000 00:00 0 
7fcda4d2b000-7fcda4d33000 rw-s 00000000 00:21 22790581                   /tmp/hsperfdata_pefernan/13033
7fcda4d33000-7fcda4d34000 rw-p 00000000 00:00 0 
7fcda4d34000-7fcda4d35000 r--p 00000000 00:00 0 
7fcda4d35000-7fcda4d36000 rw-p 00000000 00:00 0 
7fff9b42e000-7fff9b431000 ---p 00000000 00:00 0 
7fff9b432000-7fff9b52e000 rw-p 00000000 00:00 0                          [stack]
7fff9b5ec000-7fff9b5ee000 r-xp 00000000 00:00 0                          [vdso]
ffffffffff600000-ffffffffff601000 r-xp 00000000 00:00 0                  [vsyscall]

VM Arguments:
jvm_args: -Dfile.encoding=UTF-8 -Dfile.encoding=UTF-8 -Xmx1024m -XX:MaxPermSize=256m 
java_command: com.google.gwt.dev.CompilePermsServer -host localhost -port 48201 -logLevel INFO -cookie 1B37E649BE9E23B599C9EBB097E92C10
Launcher Type: SUN_STANDARD

Environment Variables:
JAVA_HOME=/usr/java/latest
JAVA_TOOL_OPTIONS=-Dfile.encoding=UTF-8
CLASSPATH=/usr/java/default/lib/classes.zip
PATH=/usr/lib64/qt-3.3/bin:/usr/libexec/lightdm:/usr/local/bin:/usr/bin:/bin:/usr/local/sbin:/usr/sbin:/usr/local/sbin:/sbin:/bin:/usr/sbin:/usr/bin:/root/bin:/usr/local/ant/bin:/usr/local/maven/bin:/home/pefernan/.local/bin:/home/pefernan/bin:/development/tools/apache-maven-3.0.4/bin:/usr/java/latest/bin:/development/tools/apache-ant-1.8.4/bin:
SHELL=/bin/bash
DISPLAY=:0

Signal Handlers:
SIGSEGV: [libjvm.so+0x992d50], sa_mask[0]=0x7ffbfeff, sa_flags=0x10000004
SIGBUS: [libjvm.so+0x992d50], sa_mask[0]=0x7ffbfeff, sa_flags=0x10000004
SIGFPE: [libjvm.so+0x80fb00], sa_mask[0]=0x7ffbfeff, sa_flags=0x10000004
SIGPIPE: [libjvm.so+0x80fb00], sa_mask[0]=0x7ffbfeff, sa_flags=0x10000004
SIGXFSZ: [libjvm.so+0x80fb00], sa_mask[0]=0x7ffbfeff, sa_flags=0x10000004
SIGILL: [libjvm.so+0x80fb00], sa_mask[0]=0x7ffbfeff, sa_flags=0x10000004
SIGUSR1: SIG_DFL, sa_mask[0]=0x00000000, sa_flags=0x00000000
SIGUSR2: [libjvm.so+0x810ff0], sa_mask[0]=0x00000004, sa_flags=0x10000004
SIGHUP: SIG_DFL, sa_mask[0]=0x00000000, sa_flags=0x00000000
SIGINT: SIG_DFL, sa_mask[0]=0x00000000, sa_flags=0x00000000
SIGTERM: SIG_DFL, sa_mask[0]=0x00000000, sa_flags=0x00000000
SIGQUIT: SIG_DFL, sa_mask[0]=0x00000000, sa_flags=0x00000000


---------------  S Y S T E M  ---------------

OS:Fedora release 20 (Heisenbug)

uname:Linux 3.14.9-200.fc20.x86_64 #1 SMP Thu Jun 26 21:40:51 UTC 2014 x86_64
libc:glibc 2.18 NPTL 2.18 
rlimit: STACK 8192k, CORE 0k, NPROC 1024, NOFILE 4096, AS infinity
load average:7.12 4.56 3.07

/proc/meminfo:
MemTotal:       16153120 kB
MemFree:          167928 kB
MemAvailable:    3904596 kB
Buffers:          273980 kB
Cached:          3757880 kB
SwapCached:        17620 kB
Active:         11759080 kB
Inactive:        2999020 kB
Active(anon):   10210896 kB
Inactive(anon):  1449972 kB
Active(file):    1548184 kB
Inactive(file):  1549048 kB
Unevictable:         848 kB
Mlocked:             848 kB
SwapTotal:       4093948 kB
SwapFree:        4012896 kB
Dirty:            103580 kB
Writeback:            12 kB
AnonPages:      10709976 kB
Mapped:           418620 kB
Shmem:            934208 kB
Slab:             955764 kB
SReclaimable:     892852 kB
SUnreclaim:        62912 kB
KernelStack:       10392 kB
PageTables:       103588 kB
NFS_Unstable:          0 kB
Bounce:                0 kB
WritebackTmp:          0 kB
CommitLimit:    12170508 kB
Committed_AS:   20332904 kB
VmallocTotal:   34359738367 kB
VmallocUsed:      394476 kB
VmallocChunk:   34359301488 kB
HardwareCorrupted:     0 kB
AnonHugePages:         0 kB
HugePages_Total:       0
HugePages_Free:        0
HugePages_Rsvd:        0
HugePages_Surp:        0
Hugepagesize:       2048 kB
DirectMap4k:      110076 kB
DirectMap2M:    16384000 kB


CPU:total 4 (2 cores per cpu, 2 threads per core) family 6 model 58 stepping 9, cmov, cx8, fxsr, mmx, sse, sse2, sse3, ssse3, sse4.1, sse4.2, popcnt, avx, aes, erms, ht, tsc, tscinvbit, tscinv

/proc/cpuinfo:
processor	: 0
vendor_id	: GenuineIntel
cpu family	: 6
model		: 58
model name	: Intel(R) Core(TM) i7-3520M CPU @ 2.90GHz
stepping	: 9
microcode	: 0x19
cpu MHz		: 3400.023
cache size	: 4096 KB
physical id	: 0
siblings	: 4
core id		: 0
cpu cores	: 2
apicid		: 0
initial apicid	: 0
fpu		: yes
fpu_exception	: yes
cpuid level	: 13
wp		: yes
flags		: fpu vme de pse tsc msr pae mce cx8 apic sep mtrr pge mca cmov pat pse36 clflush dts acpi mmx fxsr sse sse2 ss ht tm pbe syscall nx rdtscp lm constant_tsc arch_perfmon pebs bts rep_good nopl xtopology nonstop_tsc aperfmperf eagerfpu pni pclmulqdq dtes64 monitor ds_cpl vmx smx est tm2 ssse3 cx16 xtpr pdcm pcid sse4_1 sse4_2 x2apic popcnt tsc_deadline_timer aes xsave avx f16c rdrand lahf_lm ida arat epb xsaveopt pln pts dtherm tpr_shadow vnmi flexpriority ept vpid fsgsbase smep erms
bogomips	: 5786.83
clflush size	: 64
cache_alignment	: 64
address sizes	: 36 bits physical, 48 bits virtual
power management:

processor	: 1
vendor_id	: GenuineIntel
cpu family	: 6
model		: 58
model name	: Intel(R) Core(TM) i7-3520M CPU @ 2.90GHz
stepping	: 9
microcode	: 0x19
cpu MHz		: 3400.023
cache size	: 4096 KB
physical id	: 0
siblings	: 4
core id		: 0
cpu cores	: 2
apicid		: 1
initial apicid	: 1
fpu		: yes
fpu_exception	: yes
cpuid level	: 13
wp		: yes
flags		: fpu vme de pse tsc msr pae mce cx8 apic sep mtrr pge mca cmov pat pse36 clflush dts acpi mmx fxsr sse sse2 ss ht tm pbe syscall nx rdtscp lm constant_tsc arch_perfmon pebs bts rep_good nopl xtopology nonstop_tsc aperfmperf eagerfpu pni pclmulqdq dtes64 monitor ds_cpl vmx smx est tm2 ssse3 cx16 xtpr pdcm pcid sse4_1 sse4_2 x2apic popcnt tsc_deadline_timer aes xsave avx f16c rdrand lahf_lm ida arat epb xsaveopt pln pts dtherm tpr_shadow vnmi flexpriority ept vpid fsgsbase smep erms
bogomips	: 5786.83
clflush size	: 64
cache_alignment	: 64
address sizes	: 36 bits physical, 48 bits virtual
power management:

processor	: 2
vendor_id	: GenuineIntel
cpu family	: 6
model		: 58
model name	: Intel(R) Core(TM) i7-3520M CPU @ 2.90GHz
stepping	: 9
microcode	: 0x19
cpu MHz		: 3400.023
cache size	: 4096 KB
physical id	: 0
siblings	: 4
core id		: 1
cpu cores	: 2
apicid		: 2
initial apicid	: 2
fpu		: yes
fpu_exception	: yes
cpuid level	: 13
wp		: yes
flags		: fpu vme de pse tsc msr pae mce cx8 apic sep mtrr pge mca cmov pat pse36 clflush dts acpi mmx fxsr sse sse2 ss ht tm pbe syscall nx rdtscp lm constant_tsc arch_perfmon pebs bts rep_good nopl xtopology nonstop_tsc aperfmperf eagerfpu pni pclmulqdq dtes64 monitor ds_cpl vmx smx est tm2 ssse3 cx16 xtpr pdcm pcid sse4_1 sse4_2 x2apic popcnt tsc_deadline_timer aes xsave avx f16c rdrand lahf_lm ida arat epb xsaveopt pln pts dtherm tpr_shadow vnmi flexpriority ept vpid fsgsbase smep erms
bogomips	: 5786.83
clflush size	: 64
cache_alignment	: 64
address sizes	: 36 bits physical, 48 bits virtual
power management:

processor	: 3
vendor_id	: GenuineIntel
cpu family	: 6
model		: 58
model name	: Intel(R) Core(TM) i7-3520M CPU @ 2.90GHz
stepping	: 9
microcode	: 0x19
cpu MHz		: 3400.023
cache size	: 4096 KB
physical id	: 0
siblings	: 4
core id		: 1
cpu cores	: 2
apicid		: 3
initial apicid	: 3
fpu		: yes
fpu_exception	: yes
cpuid level	: 13
wp		: yes
flags		: fpu vme de pse tsc msr pae mce cx8 apic sep mtrr pge mca cmov pat pse36 clflush dts acpi mmx fxsr sse sse2 ss ht tm pbe syscall nx rdtscp lm constant_tsc arch_perfmon pebs bts rep_good nopl xtopology nonstop_tsc aperfmperf eagerfpu pni pclmulqdq dtes64 monitor ds_cpl vmx smx est tm2 ssse3 cx16 xtpr pdcm pcid sse4_1 sse4_2 x2apic popcnt tsc_deadline_timer aes xsave avx f16c rdrand lahf_lm ida arat epb xsaveopt pln pts dtherm tpr_shadow vnmi flexpriority ept vpid fsgsbase smep erms
bogomips	: 5786.83
clflush size	: 64
cache_alignment	: 64
address sizes	: 36 bits physical, 48 bits virtual
power management:



Memory: 4k page, physical 16153120k(167928k free), swap 4093948k(4012896k free)

vm_info: Java HotSpot(TM) 64-Bit Server VM (24.0-b56) for linux-amd64 JRE (1.7.0_40-b43), built on Aug 26 2013 23:53:33 by "java_re" with gcc 4.3.0 20080428 (Red Hat 4.3.0-8)

time: Fri Jul 11 13:24:55 2014
elapsed time: 0 seconds

